Bot runnin'. ^C to exit.
cid %d and name %q 518936762286866433 general
cid %d and name %q 749009025365966910 solitaire
cid %d and name %q 780243229609820160 nolans-curiosities
cid %d and name %q 786679667792150598 suggestions
cid %d and name %q 815027146531012679 blundersquanch
cid %d and name %q 818545333545992213 adventura
cid %d and name %q 836827733861466122 bass-fishing
loading from file...
Load successful. Loaded BassMap:
Clant
	Redeye 24cm
KaiserSose
	Spotted 36cm
expnch
	Shoal 33cm
Forest
	Shoal 21cm
329500610443476992

Forest
251893698856484864

Clant
251893698856484864

Clant
Clant leaderboard
251893698856484864

Clant
Clant fish
now 1619589042294600213, cooldown 0
251893698856484864

Clant
251893698856484864

Clant
Clant leaderboard
329500610443476992

Forest
329500610443476992

Forest
Forest fish
now 1619589053526289940, cooldown 0
251893698856484864

Clant
329500610443476992

Forest
251893698856484864

Clant
Clant bass stash
251893698856484864

Clant
Clant fish
now 1619589080134815835, cooldown 1619589042294707453
329500610443476992

Forest
251893698856484864

Clant
Clant leaderboard
329500610443476992

Forest
329500610443476992

Forest
Bot runnin'. ^C to exit.
cid %d and name %q 518936762286866433 general
cid %d and name %q 749009025365966910 solitaire
cid %d and name %q 780243229609820160 nolans-curiosities
cid %d and name %q 786679667792150598 suggestions
cid %d and name %q 815027146531012679 blundersquanch
cid %d and name %q 818545333545992213 adventura
cid %d and name %q 836827733861466122 bass-fishing
loading from file...
Load successful. Loaded BassMap:
expnch
	Shoal 33cm
Forest
	Shoal 21cm
Clant
	Redeye 24cm
KaiserSose
	Spotted 36cm
Bot runnin'. ^C to exit.
cid %d and name %q 518936762286866433 general
cid %d and name %q 749009025365966910 solitaire
cid %d and name %q 780243229609820160 nolans-curiosities
cid %d and name %q 786679667792150598 suggestions
cid %d and name %q 815027146531012679 blundersquanch
cid %d and name %q 818545333545992213 adventura
cid %d and name %q 836827733861466122 bass-fishing
loading from file...
Load successful. Loaded BassMap:
Clant
	Redeye 24cm
KaiserSose
	Spotted 36cm
expnch
	Shoal 33cm
Forest
	Shoal 21cm
Bot runnin'. ^C to exit.
cid %d and name %q 518936762286866433 general
cid %d and name %q 749009025365966910 solitaire
cid %d and name %q 780243229609820160 nolans-curiosities
cid %d and name %q 786679667792150598 suggestions
cid %d and name %q 815027146531012679 blundersquanch
cid %d and name %q 818545333545992213 adventura
cid %d and name %q 836827733861466122 bass-fishing
loading from file...
Load successful. Loaded BassMap:
Clant
	Redeye 24cm
KaiserSose
	Spotted 36cm
expnch
	Shoal 33cm
Forest
	Shoal 21cm
	Redeye 37cm
251893698856484864

Clant
Clant leaderboard
329500610443476992

Forest
329500610443476992

Forest
251893698856484864

Clant
251893698856484864

Clant
251893698856484864

Clant
329500610443476992

Forest
251893698856484864

Clant
329500610443476992

Forest
329500610443476992

Forest
251893698856484864

Clant
Clant leaderboard
136731006504927232

KaiserSose
KaiserSose fish
now 1619590485944908479, cooldown 0
518932440954306571

expnch
518932440954306571

expnch
expnch fish
now 1619617061762551307, cooldown 0
518932440954306571

expnch
251893698856484864

Clant
Clant fish
now 1619618638355191422, cooldown 0
251893698856484864

Clant
136731006504927232

KaiserSose
KaiserSose fish
now 1619635746469877974, cooldown 1619590485944943240
518932440954306571

expnch
expnch fish
now 1619662515841188187, cooldown 1619617061762577241
518932440954306571

expnch
251893698856484864

Clant
Clant fish
now 1619663732298432086, cooldown 1619618638355216871
136731006504927232

KaiserSose
136731006504927232

KaiserSose
KaiserSose fish
now 1619663823797509281, cooldown 1619635746469905671
136731006504927232

KaiserSose
KaiserSose leaderboard
136731006504927232

KaiserSose
251893698856484864

Clant
518932440954306571

expnch
expnch fish
now 1619667814574213305, cooldown 1619662515841215347
518932440954306571

expnch
expnch bass stash
518932440954306571

expnch
251893698856484864

Clant
329500610443476992

Forest
Forest fish
now 1619668915638105022, cooldown 0
329500610443476992

Forest
Bot runnin'. ^C to exit.
cid %d and name %q 518936762286866433 general
cid %d and name %q 749009025365966910 solitaire
cid %d and name %q 780243229609820160 nolans-curiosities
cid %d and name %q 786679667792150598 suggestions
cid %d and name %q 815027146531012679 blundersquanch
cid %d and name %q 818545333545992213 adventura
cid %d and name %q 836827733861466122 bass-fishing
loading from file...
Load successful. Loaded BassMap:
329500610443476992

Forest
518932440954306571

expnch
expnch fish
now 1619669077122187985, cooldown 0
329500610443476992

Forest
251893698856484864

Clant
Clant fish
now 1619669584295446532, cooldown 0
251893698856484864

Clant
251893698856484864

Clant
Clant bass stash
251893698856484864

Clant
Clant leaderboard
Bot runnin'. ^C to exit.
cid %d and name %q 518936762286866433 general
cid %d and name %q 749009025365966910 solitaire
cid %d and name %q 780243229609820160 nolans-curiosities
cid %d and name %q 786679667792150598 suggestions
cid %d and name %q 815027146531012679 blundersquanch
cid %d and name %q 818545333545992213 adventura
cid %d and name %q 836827733861466122 bass-fishing
loading from file...
Load successful. Loaded BassMap:
Clant
	Redeye 24cm
	Smallmouth 41cm
	Redeye 36cm
	Smallmouth 22cm
KaiserSose
	Spotted 36cm
	Shoal 38cm
	Shoal 36cm
expnch
	Shoal 33cm
	Largemouth 29cm
	Spotted 22cm
	Largemouth 20cm
	Redeye 33cm
Forest
	Shoal 21cm
	Redeye 37cm
251893698856484864

Clant
Clant leaderboard
329500610443476992

Forest
Forest fish
now 1619669939765833661, cooldown 0
251893698856484864

Clant
Clant leaderboard
251893698856484864

Clant
329500610443476992

Forest
518932440954306571

expnch
expnch fish
now 1619670012427791058, cooldown 0
329500610443476992

Forest
518932440954306571

expnch
expnch leaderboard
329500610443476992

Forest
329500610443476992

Forest
518932440954306571

expnch
136731006504927232

KaiserSose
KaiserSose fish
now 1619676865295834590, cooldown 0
136731006504927232

KaiserSose
136731006504927232

KaiserSose
136731006504927232

KaiserSose
136731006504927232

KaiserSose
KaiserSose leaderboard
136731006504927232

KaiserSose
518932440954306571

expnch
518932440954306571

expnch
518932440954306571

expnch
expnch fish
now 1619699055427760139, cooldown 1619670012427822961
136731006504927232

KaiserSose
KaiserSose fish
now 1619714484195947960, cooldown 1619676865295859393
329500610443476992

Forest
Forest fish
now 1619719001976438964, cooldown 1619669939765875083
329500610443476992

Forest
136731006504927232

KaiserSose
KaiserSose fish
now 1619724477042071514, cooldown 1619714484195977690
136731006504927232

KaiserSose
136731006504927232

KaiserSose
KaiserSose fish
now 1619730687558708669, cooldown 1619724477042098086
136731006504927232

KaiserSose
KaiserSose fish
now 1619734833393712092, cooldown 1619730687558735776
136731006504927232

KaiserSose
KaiserSose fish
now 1619743410242317923, cooldown 1619734833393739356
251893698856484864

Clant
Clant fish
now 1619743428778021539, cooldown 0
251893698856484864

Clant
Clant leaderboard
251893698856484864

Clant
329500610443476992

Forest
Forest fish
now 1619745001269520531, cooldown 1619719001976478114
136731006504927232

KaiserSose
KaiserSose fish
now 1619755962457591266, cooldown 1619743410242346013
252302927585214474

nocturne
329500610443476992

Forest
252302927585214474

nocturne
252302927585214474

nocturne
nocturne fish
now 1619758226652133346, cooldown 0
252302927585214474

nocturne
252302927585214474

nocturne
329500610443476992

Forest
329500610443476992

Forest
Forest leaderboard
252302927585214474

nocturne
nocturne leaderboard
252302927585214474

nocturne
329500610443476992

Forest
329500610443476992

Forest
329500610443476992

Forest
Forest fish
now 1619843468245909126, cooldown 1619745001269549504
251893698856484864

Clant
251893698856484864

Clant
Clant fish
now 1619882478512167054, cooldown 1619743428778046166
136731006504927232

KaiserSose
KaiserSose fish
now 1619883286187878204, cooldown 1619755962457618805
252302927585214474

nocturne
nocturne fish
now 1619887131153884009, cooldown 1619758226652158936
518932440954306571

expnch
expnch fish
now 1619901734734586804, cooldown 1619699055427790332
329500610443476992

Forest
329500610443476992

Forest
329500610443476992

Forest
Forest fish
now 1619903205844167205, cooldown 1619843468245936488
252302927585214474

nocturne
nocturne fish
now 1619926276224034988, cooldown 1619887131153911530
518932440954306571

expnch
expnch fish
now 1619928002052756139, cooldown 1619901734734614464
136731006504927232

KaiserSose
KaiserSose fish
now 1619934474347387866, cooldown 1619883286187915628
518932440954306571

expnch
expnch leaderboard
518932440954306571

expnch
518932440954306571

expnch
518932440954306571

expnch
expnch bass stash
251893698856484864

Clant
Clant fish
now 1619934830509451752, cooldown 1619882478512194563
136731006504927232

KaiserSose
KaiserSose fish
now 1619967044665615666, cooldown 1619934474347414384
252302927585214474

nocturne
nocturne fish
now 1619973862300348520, cooldown 1619926276224080005
136731006504927232

KaiserSose
KaiserSose fish
now 1619974864628878606, cooldown 1619967044665643129
329500610443476992

Forest
Forest fish
now 1619975910091105307, cooldown 1619903205844196543
251893698856484864

Clant
Clant fish
now 1619978456712860175, cooldown 1619934830509476925
251893698856484864

Clant
Clant leaderboard
252302927585214474

nocturne
nocturne fish
now 1620009430980229176, cooldown 1619973862300375414
329500610443476992

Forest
Forest fish
now 1620010520173940340, cooldown 1619975910091132602
518932440954306571

expnch
expnch fish
now 1620010529424463991, cooldown 1619928002052787514
329500610443476992

Forest
252302927585214474

nocturne
252302927585214474

nocturne
252302927585214474

nocturne
518932440954306571

expnch
201503408652419073

Octave
252302927585214474

nocturne
251893698856484864

Clant
252302927585214474

nocturne
251893698856484864

Clant
252302927585214474

nocturne
252302927585214474

nocturne
nocturne bass stash
251893698856484864

Clant
252302927585214474

nocturne
nocturne leaderboard
252302927585214474

nocturne
251893698856484864

Clant
252302927585214474

nocturne
252302927585214474

nocturne
518932440954306571

expnch
expnch fish
now 1620011465690144708, cooldown 1620010529424487993
251893698856484864

Clant
518932440954306571

expnch
252302927585214474

nocturne
nocturne fish
now 1620012711650950250, cooldown 1620009430980257653
518932440954306571

expnch
518932440954306571

expnch
expnch fish
now 1620014377020765554, cooldown 1620010529424487993
518932440954306571

expnch
251893698856484864

Clant
518932440954306571

expnch
329500610443476992

Forest
329500610443476992

Forest
Forest fish
now 1620015249989050552, cooldown 1620010520173968153
329500610443476992

Forest
Bot runnin'. ^C to exit.
cid %d and name %q 518936762286866433 general
cid %d and name %q 749009025365966910 solitaire
cid %d and name %q 780243229609820160 nolans-curiosities
cid %d and name %q 786679667792150598 suggestions
cid %d and name %q 815027146531012679 blundersquanch
cid %d and name %q 818545333545992213 adventura
cid %d and name %q 836827733861466122 bass-fishing
loading from file...
Load successful. Loaded BassMap:
expnch
	Shoal 33cm
	Largemouth 29cm
	Spotted 22cm
	Largemouth 20cm
	Redeye 33cm
	Shoal 41cm
	Spotted 37cm
	Redeye 46cm
	Largemouth 43cm
	Largemouth 40cm
	Smallmouth 27cm
nocturne
	Largemouth 38cm
	Shoal 40cm
	Smallmouth 24cm
	Shoal 32cm
	Spotted 23cm
Clant
	Redeye 24cm
	Smallmouth 41cm
	Redeye 36cm
	Smallmouth 22cm
	Largemouth 20cm
	Redeye 44cm
	Spotted 30cm
	Largemouth 45cm
Forest
	Shoal 21cm
	Redeye 37cm
	Spotted 38cm
	Largemouth 49cm
	Largemouth 25cm
	Spotted 29cm
	Smallmouth 44cm
	Smallmouth 45cm
	Spotted 45cm
	Redeye 42cm
KaiserSose
	Spotted 36cm
	Shoal 38cm
	Shoal 36cm
	Largemouth 45cm
	Spotted 25cm
	Spotted 26cm
	Redeye 30cm
	Smallmouth 32cm
	Shoal 24cm
	Shoal 20cm
	Redeye 43cm
	Redeye 42cm
	Smallmouth 41cm
	Shoal 34cm
251893698856484864

Clant
251893698856484864

Clant
Bot runnin'. ^C to exit.
cid %d and name %q 518936762286866433 general
cid %d and name %q 749009025365966910 solitaire
cid %d and name %q 780243229609820160 nolans-curiosities
cid %d and name %q 786679667792150598 suggestions
cid %d and name %q 815027146531012679 blundersquanch
cid %d and name %q 818545333545992213 adventura
cid %d and name %q 836827733861466122 bass-fishing
loading from file...
Load successful. Loaded BassMap:
expnch
	Shoal 33cm
	Largemouth 29cm
	Spotted 22cm
	Largemouth 20cm
	Redeye 33cm
	Shoal 41cm
	Spotted 37cm
	Redeye 46cm
	Largemouth 43cm
	Largemouth 40cm
	Smallmouth 27cm
nocturne
	Largemouth 38cm
	Shoal 40cm
	Smallmouth 24cm
	Shoal 32cm
	Spotted 23cm
Clant
	Redeye 24cm
	Smallmouth 41cm
	Redeye 36cm
	Smallmouth 22cm
	Largemouth 20cm
	Redeye 44cm
	Spotted 30cm
	Largemouth 45cm
Forest
	Shoal 21cm
	Redeye 37cm
	Spotted 38cm
	Largemouth 49cm
	Largemouth 25cm
	Spotted 29cm
	Smallmouth 44cm
	Smallmouth 45cm
	Spotted 45cm
	Redeye 42cm
KaiserSose
	Spotted 36cm
	Shoal 38cm
	Shoal 36cm
	Largemouth 45cm
	Spotted 25cm
	Spotted 26cm
	Redeye 30cm
	Smallmouth 32cm
	Shoal 24cm
	Shoal 20cm
	Redeye 43cm
	Redeye 42cm
	Smallmouth 41cm
	Shoal 34cm
251893698856484864

Clant
251893698856484864

Clant
